Base path: /Applications/Unity/Unity.app/Contents
Pipe name: \\.\pipe\UnityShaderCompiler-1--1597800024
Cmd: getPlatforms
Cmd: preprocess
  insize=432 outsize=1178 ok=1
Cmd: compileSnippet
  api=0 type=0 insize=4279 outsize=919 kw=DIRECTIONAL SHADOWS_OFF LIGHTMAP_OFF DIRLIGHTMAP_OFF ok=1
Cmd: compileSnippet
  api=0 type=1 insize=4279 outsize=360 kw=DIRECTIONAL SHADOWS_OFF LIGHTMAP_OFF DIRLIGHTMAP_OFF ok=1
Cmd: compileSnippet
  api=0 type=0 insize=2255 outsize=817 kw=POINT ok=1
Cmd: compileSnippet
  api=0 type=1 insize=2255 outsize=536 kw=POINT ok=1
Cmd: compileSnippet
  api=0 type=0 insize=1783 outsize=457 kw= ok=1
Cmd: compileSnippet
  api=0 type=1 insize=1783 outsize=159 kw= ok=1
Cmd: compileSnippet
  api=0 type=0 insize=3996 outsize=905 kw=LIGHTMAP_OFF DIRLIGHTMAP_OFF HDR_LIGHT_PREPASS_OFF ok=1
Cmd: compileSnippet
  api=0 type=1 insize=3996 outsize=297 kw=LIGHTMAP_OFF DIRLIGHTMAP_OFF HDR_LIGHT_PREPASS_OFF ok=1
Cmd: compileSnippet
  api=0 type=0 insize=2255 outsize=560 kw=DIRECTIONAL ok=1
Cmd: compileSnippet
  api=0 type=1 insize=2255 outsize=355 kw=DIRECTIONAL ok=1
Cmd: preprocess
  insize=432 outsize=1178 ok=1
Cmd: preprocess
  error: 2 plat 12 at (23): Syntax error
  insize=446 outsize=298 ok=0
Cmd: preprocess
  insize=448 outsize=1178 ok=1
Cmd: compileSnippet
  api=0 type=0 insize=4295 outsize=919 kw=DIRECTIONAL SHADOWS_OFF LIGHTMAP_OFF DIRLIGHTMAP_OFF ok=1
Cmd: compileSnippet
  api=0 type=1 insize=4295 outsize=360 kw=DIRECTIONAL SHADOWS_OFF LIGHTMAP_OFF DIRLIGHTMAP_OFF ok=1
Cmd: compileSnippet
  api=0 type=0 insize=2271 outsize=817 kw=POINT ok=1
Cmd: compileSnippet
  api=0 type=1 insize=2271 outsize=536 kw=POINT ok=1
Cmd: compileSnippet
  api=0 type=0 insize=1799 outsize=457 kw= ok=1
Cmd: compileSnippet
  api=0 type=1 insize=1799 outsize=159 kw= ok=1
Cmd: compileSnippet
  api=0 type=0 insize=4012 outsize=905 kw=LIGHTMAP_OFF DIRLIGHTMAP_OFF HDR_LIGHT_PREPASS_OFF ok=1
Cmd: compileSnippet
  api=0 type=1 insize=4012 outsize=297 kw=LIGHTMAP_OFF DIRLIGHTMAP_OFF HDR_LIGHT_PREPASS_OFF ok=1
Cmd: compileSnippet
  api=0 type=0 insize=2271 outsize=560 kw=DIRECTIONAL ok=1
Cmd: compileSnippet
  api=0 type=1 insize=2271 outsize=355 kw=DIRECTIONAL ok=1
Cmd: preprocess
  insize=448 outsize=1178 ok=1
Cmd: preprocess
  insize=446 outsize=1176 ok=1
Cmd: preprocess
  insize=494 outsize=1224 ok=1
Cmd: compileSnippet
  api=0 type=0 insize=4295 outsize=919 kw=DIRECTIONAL SHADOWS_OFF LIGHTMAP_OFF DIRLIGHTMAP_OFF ok=1
Cmd: compileSnippet
  api=0 type=1 insize=4295 outsize=360 kw=DIRECTIONAL SHADOWS_OFF LIGHTMAP_OFF DIRLIGHTMAP_OFF ok=1
Cmd: compileSnippet
  api=0 type=0 insize=2271 outsize=817 kw=POINT ok=1
Cmd: compileSnippet
  api=0 type=1 insize=2271 outsize=536 kw=POINT ok=1
Cmd: compileSnippet
  api=0 type=0 insize=1799 outsize=457 kw= ok=1
Cmd: compileSnippet
  api=0 type=1 insize=1799 outsize=159 kw= ok=1
Cmd: compileSnippet
  api=0 type=0 insize=4012 outsize=905 kw=LIGHTMAP_OFF DIRLIGHTMAP_OFF HDR_LIGHT_PREPASS_OFF ok=1
Cmd: compileSnippet
  api=0 type=1 insize=4012 outsize=297 kw=LIGHTMAP_OFF DIRLIGHTMAP_OFF HDR_LIGHT_PREPASS_OFF ok=1
Cmd: compileSnippet
  api=0 type=0 insize=2271 outsize=560 kw=DIRECTIONAL ok=1
Cmd: compileSnippet
  api=0 type=1 insize=2271 outsize=355 kw=DIRECTIONAL ok=1
Cmd: preprocess
  insize=216 outsize=213 ok=1
Cmd: preprocess
  insize=208 outsize=205 ok=1
Cmd: preprocess
  insize=223 outsize=220 ok=1
Cmd: preprocess
  insize=225 outsize=222 ok=1
Cmd: preprocess
  insize=494 outsize=1224 ok=1
Cmd: preprocess
  insize=496 outsize=1226 ok=1
Cmd: preprocess
  insize=498 outsize=1228 ok=1
Cmd: preprocess
  insize=180 outsize=177 ok=1
Cmd: preprocess
  insize=232 outsize=229 ok=1
Cmd: preprocess
  insize=504 outsize=1234 ok=1
Cmd: compileSnippet
  api=0 type=0 insize=4296 outsize=919 kw=DIRECTIONAL SHADOWS_OFF LIGHTMAP_OFF DIRLIGHTMAP_OFF ok=1
Cmd: compileSnippet
  api=0 type=1 insize=4296 outsize=360 kw=DIRECTIONAL SHADOWS_OFF LIGHTMAP_OFF DIRLIGHTMAP_OFF ok=1
Cmd: compileSnippet
  api=0 type=0 insize=2272 outsize=817 kw=POINT ok=1
Cmd: compileSnippet
  api=0 type=1 insize=2272 outsize=536 kw=POINT ok=1
Cmd: compileSnippet
  api=0 type=0 insize=1800 outsize=457 kw= ok=1
Cmd: compileSnippet
  api=0 type=1 insize=1800 outsize=159 kw= ok=1
Cmd: compileSnippet
  api=0 type=0 insize=4013 outsize=905 kw=LIGHTMAP_OFF DIRLIGHTMAP_OFF HDR_LIGHT_PREPASS_OFF ok=1
Cmd: compileSnippet
  api=0 type=1 insize=4013 outsize=297 kw=LIGHTMAP_OFF DIRLIGHTMAP_OFF HDR_LIGHT_PREPASS_OFF ok=1
Cmd: compileSnippet
  api=0 type=0 insize=2272 outsize=560 kw=DIRECTIONAL ok=1
Cmd: compileSnippet
  api=0 type=1 insize=2272 outsize=355 kw=DIRECTIONAL ok=1
Cmd: preprocess
  insize=551 outsize=1281 ok=1
Cmd: compileSnippet
  api=0 type=0 insize=4296 outsize=919 kw=DIRECTIONAL SHADOWS_OFF LIGHTMAP_OFF DIRLIGHTMAP_OFF ok=1
Cmd: compileSnippet
  api=0 type=1 insize=4296 outsize=360 kw=DIRECTIONAL SHADOWS_OFF LIGHTMAP_OFF DIRLIGHTMAP_OFF ok=1
Cmd: compileSnippet
  api=0 type=0 insize=2272 outsize=817 kw=POINT ok=1
Cmd: compileSnippet
  api=0 type=1 insize=2272 outsize=536 kw=POINT ok=1
Cmd: compileSnippet
  api=0 type=0 insize=1800 outsize=457 kw= ok=1
Cmd: compileSnippet
  api=0 type=1 insize=1800 outsize=159 kw= ok=1
Cmd: compileSnippet
  api=0 type=0 insize=4013 outsize=905 kw=LIGHTMAP_OFF DIRLIGHTMAP_OFF HDR_LIGHT_PREPASS_OFF ok=1
Cmd: compileSnippet
  api=0 type=1 insize=4013 outsize=297 kw=LIGHTMAP_OFF DIRLIGHTMAP_OFF HDR_LIGHT_PREPASS_OFF ok=1
Cmd: compileSnippet
  api=0 type=0 insize=2272 outsize=560 kw=DIRECTIONAL ok=1
Cmd: compileSnippet
  api=0 type=1 insize=2272 outsize=355 kw=DIRECTIONAL ok=1
Cmd: preprocess
  insize=553 outsize=1283 ok=1
Cmd: preprocess
  insize=554 outsize=1284 ok=1
Cmd: preprocess
  insize=231 outsize=228 ok=1
Cmd: preprocess
  insize=247 outsize=244 ok=1
Cmd: preprocess
  insize=249 outsize=246 ok=1
Cmd: preprocess
  insize=249 outsize=246 ok=1
Cmd: preprocess
  insize=247 outsize=244 ok=1
Cmd: preprocess
  insize=323 outsize=320 ok=1
Cmd: preprocess
  insize=325 outsize=322 ok=1
Cmd: preprocess
  insize=338 outsize=335 ok=1
Cmd: preprocess
  insize=338 outsize=335 ok=1
Cmd: preprocess
  insize=349 outsize=346 ok=1
Cmd: preprocess
  insize=351 outsize=348 ok=1
Cmd: preprocess
  insize=352 outsize=349 ok=1
Cmd: preprocess
  insize=350 outsize=347 ok=1
Cmd: preprocess
  insize=332 outsize=329 ok=1
Cmd: preprocess
  insize=326 outsize=323 ok=1
Cmd: preprocess
  insize=421 outsize=418 ok=1
Cmd: preprocess
  insize=422 outsize=419 ok=1
Cmd: preprocess
  insize=658 outsize=655 ok=1
Cmd: preprocess
  insize=431 outsize=1177 ok=1
Cmd: preprocess
  error: 2 plat 12 at (10): Can't find include file UniytCG.cginc
  insize=619 outsize=193 ok=0
Cmd: preprocess
  error: 2 plat 12 at (11): Can't find include file UniytCG.cginc
  insize=631 outsize=193 ok=0
Cmd: preprocess
  insize=631 outsize=193 ok=1
Cmd: compileSnippet
  error: 2 plat 0 at (18): unknown semantics "TEXCOORDO" specified for "uv"
  api=0 type=0 insize=735 outsize=0 kw= ok=0
Cmd: preprocess
  insize=631 outsize=193 ok=1
Cmd: compileSnippet
  api=0 type=0 insize=735 outsize=365 kw= ok=1
Cmd: compileSnippet
  api=0 type=1 insize=735 outsize=98 kw= ok=1
Cmd: preprocess
  insize=1855 outsize=1093 ok=1
Cmd: compileSnippet
  api=0 type=0 insize=1064 outsize=365 kw= ok=1
Cmd: compileSnippet
  api=0 type=1 insize=1064 outsize=466 kw= ok=1
Cmd: preprocess
  insize=426 outsize=1172 ok=1
Cmd: preprocess
  insize=426 outsize=1172 ok=1
Cmd: preprocess
  insize=431 outsize=1177 ok=1
Cmd: preprocess
  error: 2 plat 12 at (-1): No ENDCG tag found after CGPROGRAM tag
  insize=1242 outsize=1239 ok=0
Cmd: preprocess
  insize=658 outsize=655 ok=1
Cmd: preprocess
  insize=1250 outsize=274 ok=1
Cmd: compileSnippet
  error: 2 plat 0 at (17): syntax error, unexpected '{' at token "{" type name expected at token "{"
  error: 1 plat 0 at (17): unrecognized profile specifier "v2f" unrecognized profile specifier "sturct"
  error: 2 plat 0 at (20): syntax error, unexpected '}' at token "}" type name expected at token "}"
  error: 2 plat 0 at (22): syntax error, unexpected ';' at token ";" type name expected at token ";"
  error: 1 plat 0 at (22): unrecognized profile specifier "_MainTex_ST" unrecognized profile specifier "float4"
  error: 2 plat 0 at (24): syntax error, unexpected ';' at token ";" type name expected at token ";"
  error: 1 plat 0 at (24): unrecognized profile specifier "o" unrecognized profile specifier "v2f"
  error: 2 plat 0 at (30): syntax error, unexpected ')' at token ")" type name expected at token ")"
  error: 1 plat 0 at (30): unrecognized profile specifier "i" unrecognized profile specifier "v2f"
  error: 2 plat 0 at (33): syntax error, unexpected ';', expecting ',' or ')' at token ";" type name expected at token ";"
  error: 2 plat 0 at (34): syntax error, unexpected ';', expecting ',' or ')' at token ";" type name expected at token ";"
  error: 2 plat 0 at (35): syntax error, unexpected ';', expecting ',' or ')' at token ";" type name expected at token ";"
  error: 2 plat 0 at (39): syntax error, unexpected ';', expecting ',' or ')' at token ";" type name expected at token ";"
  error: 2 plat 0 at (40): syntax error, unexpected ';', expecting ',' or ')' at token ";" type name expected at token ";"
  error: 2 plat 0 at (41): syntax error, unexpected ';', expecting ',' or ')' at token ";" type name expected at token ";"
  error: 2 plat 0 at (44): syntax error, unexpected ';', expecting ',' or ')' at token ";" type name expected at token ";"
  error: 2 plat 0 at (47): lerp: function type parameters not allowed; syntax error, unexpected ',' at token "," type name expected at token ","
  error: 1 plat 0 at (47): unrecognized profile specifier "texcolor_earth"
  api=0 type=0 insize=1273 outsize=0 kw= ok=0
Cmd: preprocess
  insize=1249 outsize=274 ok=1
Cmd: compileSnippet
  error: 2 plat 0 at (17): syntax error, unexpected '{' at token "{" type name expected at token "{"
  error: 1 plat 0 at (17): unrecognized profile specifier "v2f" unrecognized profile specifier "sturct"
  error: 2 plat 0 at (20): syntax error, unexpected '}' at token "}" type name expected at token "}"
  error: 2 plat 0 at (23): syntax error, unexpected '(' at token "(" type name expected at token "(" the name "appdata_base" is already defined at /UnityCG.cginc(60)
  error: 1 plat 0 at (23): unrecognized profile specifier "vert" unrecognized profile specifier "v2f" unrecognized profile specifier "_MainTex_ST" unrecognized profile specifier "float4"
  error: 2 plat 0 at (25): syntax error, unexpected '.' at token "." type name expected at token "." declaration of "pos" conflicts with previous declaration at (18) declaration of "pos" conflicts with previous declaration at (18)
  error: 1 plat 0 at (25): unrecognized profile specifier "o"
  error: 2 plat 0 at (26): syntax error, unexpected '.' at token "." type name expected at token "." declaration of "uv" conflicts with previous declaration at (19) declaration of "uv" conflicts with previous declaration at (19)
  error: 1 plat 0 at (26): unrecognized profile specifier "o"
  error: 2 plat 0 at (27): syntax error, unexpected reserved word "return" at token "return" type name expected at token "return" declaration of "o" conflicts with previous declaration at (24)
  error: 2 plat 0 at (30): syntax error, unexpected ')' at token ")" type name expected at token ")"
  error: 1 plat 0 at (30): unrecognized profile specifier "i" unrecognized profile specifier "v2f"
  error: 2 plat 0 at (33): syntax error, unexpected ';', expecting ',' or ')' at token ";" type name expected at token ";"
  error: 2 plat 0 at (34): syntax error, unexpected ';', expecting ',' or ')' at token ";" type name expected at token ";"
  error: 2 plat 0 at (35): syntax error, unexpected ';', expecting ',' or ')' at token ";" type name expected at token ";"
  error: 2 plat 0 at (39): syntax error, unexpected ';', expecting ',' or ')' at token ";" type name expected at token ";"
  error: 2 plat 0 at (40): syntax error, unexpected ';', expecting ',' or ')' at token ";" type name expected at token ";"
  error: 2 plat 0 at (41): syntax error, unexpected ';', expecting ',' or ')' at token ";" type name expected at token ";"
  error: 2 plat 0 at (44): syntax error, unexpected ';', expecting ',' or ')' at token ";" type name expected at token ";"
  error: 2 plat 0 at (47): lerp: function type parameters not allowed; syntax error, unexpected ',' at token "," type name expected at token ","
  error: 1 plat 0 at (47): unrecognized profile specifier "texcolor_earth"
  api=0 type=0 insize=1272 outsize=0 kw= ok=0
Cmd: preprocess
  insize=1159 outsize=394 ok=1
Cmd: preprocess
  insize=1159 outsize=394 ok=1
Cmd: preprocess
  insize=1160 outsize=393 ok=1
Cmd: compileSnippet
  api=0 type=0 insize=1066 outsize=365 kw= ok=1
Cmd: compileSnippet
  error: 1 plat 0 at (39): implicit cast from "float4" to "float"
  error: 1 plat 0 at (44): implicit cast from "float4" to "float"
  error: 2 plat 0 at (50): undefined variable "texcol0" unable to find compatible overloaded function "lerp(half4, error, float)"
  api=0 type=1 insize=1066 outsize=0 kw= ok=0
Cmd: preprocess
  insize=1158 outsize=393 ok=1
Cmd: preprocess
  insize=1158 outsize=393 ok=1
Cmd: compileSnippet
  api=0 type=0 insize=1064 outsize=365 kw= ok=1
Cmd: compileSnippet
  api=0 type=1 insize=1064 outsize=466 kw= ok=1
Cmd: preprocess
  insize=1158 outsize=393 ok=1
Cmd: compileSnippet
  api=0 type=0 insize=1064 outsize=365 kw= ok=1
Cmd: compileSnippet
  api=0 type=1 insize=1064 outsize=466 kw= ok=1
Cmd: preprocess
  insize=429 outsize=1175 ok=1
